<?xml version="1.0" encoding="UTF-8"?>
<testng-results skipped="0" failed="0" total="1" passed="1">
  <reporter-output>
  </reporter-output>
  <suite name="appTestScripts.EJLogin1Test" duration-ms="17340" started-at="2020-07-06T14:38:29Z" finished-at="2020-07-06T14:38:46Z">
    <groups>
    </groups>
    <test name="Command line test" duration-ms="17340" started-at="2020-07-06T14:38:29Z" finished-at="2020-07-06T14:38:46Z">
      <class name="appTestScripts.EJLogin1Test">
        <test-method status="PASS" signature="testSetup()[pri:0, instance:appTestScripts.EJLogin1Test@4f933fd1]" name="testSetup" is-config="true" duration-ms="15695" started-at="2020-07-06T20:08:29Z" finished-at="2020-07-06T20:08:44Z">
          <reporter-output>
          </reporter-output>
        </test-method> <!-- testSetup -->
        <test-method status="PASS" signature="loginTest()[pri:0, instance:appTestScripts.EJLogin1Test@4f933fd1]" name="loginTest" duration-ms="1622" started-at="2020-07-06T20:08:44Z" finished-at="2020-07-06T20:08:46Z">
          <reporter-output>
          </reporter-output>
        </test-method> <!-- loginTest -->
      </class> <!-- appTestScripts.EJLogin1Test -->
    </test> <!-- Command line test -->
  </suite> <!-- appTestScripts.EJLogin1Test -->
</testng-results>
