<?xml version="1.0" encoding="UTF-8"?>
<testng-results skipped="0" failed="0" total="1" passed="1">
  <reporter-output>
  </reporter-output>
  <suite name="Suite" duration-ms="18007" started-at="2020-07-06T14:35:13Z" finished-at="2020-07-06T14:35:31Z">
    <groups>
    </groups>
    <test name="Test functionality 1" duration-ms="18007" started-at="2020-07-06T14:35:13Z" finished-at="2020-07-06T14:35:31Z">
      <class name="appTestScripts.EJLoginTest1">
        <test-method status="PASS" signature="testSetup()[pri:0, instance:appTestScripts.EJLoginTest1@60c6f5b]" name="testSetup" is-config="true" duration-ms="16019" started-at="2020-07-06T20:05:13Z" finished-at="2020-07-06T20:05:29Z">
          <reporter-output>
          </reporter-output>
        </test-method> <!-- testSetup -->
        <test-method status="PASS" signature="loginTest()[pri:0, instance:appTestScripts.EJLoginTest1@60c6f5b]" name="loginTest" duration-ms="1925" started-at="2020-07-06T20:05:29Z" finished-at="2020-07-06T20:05:31Z">
          <reporter-output>
          </reporter-output>
        </test-method> <!-- loginTest -->
      </class> <!-- appTestScripts.EJLoginTest1 -->
    </test> <!-- Test functionality 1 -->
  </suite> <!-- Suite -->
</testng-results>
